<?xml version="1.0" encoding="UTF-8"?>
<!-- Generated by org.testng.reporters.JUnitXMLReporter -->
<testsuite ignored="0" hostname="LAPTOP-RT4J0MA9" failures="0" tests="6" name="test2" time="0.027" errors="0" timestamp="2021-07-19T12:54:45 IST">
  <testcase classname="pkg1.NewTest1" name="f1" time="0.002"/>
  <testcase classname="pkg1.NewTest1" name="f2" time="0.001"/>
  <testcase classname="pkg1.NewTest1" name="f3" time="0.002"/>
  <testcase classname="pkg1.NewTest2" name="f4" time="0.001"/>
  <testcase classname="pkg1.NewTest2" name="f5" time="0.001"/>
  <testcase classname="pkg1.NewTest2" name="f6" time="0.001"/>
</testsuite> <!-- test2 -->
