<?xml version="1.0" encoding="UTF-8"?>
<testng-results ignored="0" total="1" passed="1" failed="0" skipped="0">
  <reporter-output>
  </reporter-output>
  <suite started-at="2021-08-03T14:01:34 IST" name="Default suite" finished-at="2021-08-03T14:01:39 IST" duration-ms="5245">
    <groups>
    </groups>
    <test started-at="2021-08-03T14:01:34 IST" name="Default test" finished-at="2021-08-03T14:01:39 IST" duration-ms="5245">
      <class name="pkg1.NewTest">
        <test-method signature="f()[pri:0, instance:pkg1.NewTest@4de4b452]" started-at="2021-08-03T14:01:34 IST" name="f" finished-at="2021-08-03T14:01:39 IST" duration-ms="5214" status="PASS">
          <reporter-output>
          </reporter-output>
        </test-method> <!-- f -->
      </class> <!-- pkg1.NewTest -->
    </test> <!-- Default test -->
  </suite> <!-- Default suite -->
</testng-results>
