<?xml version="1.0" encoding="UTF-8"?>
<testng-results ignored="0" total="2" passed="2" failed="0" skipped="0">
  <reporter-output>
  </reporter-output>
  <suite started-at="2021-10-25T14:25:58 IST" name="suite1" finished-at="2021-10-25T14:26:06 IST" duration-ms="7982">
    <groups>
    </groups>
    <test started-at="2021-10-25T14:25:58 IST" name="test3" finished-at="2021-10-25T14:26:06 IST" duration-ms="7885">
      <class name="tests.class1">
        <test-method is-config="true" signature="beforeTest(java.lang.String)[pri:0, instance:tests.class1@28f3b248]" started-at="2021-10-25T14:25:58 IST" name="beforeTest" finished-at="2021-10-25T14:26:01 IST" duration-ms="3173" status="PASS">
          <params>
            <param index="0">
              <value>
                <![CDATA[chrome]]>
              </value>
            </param>
          </params>
          <reporter-output>
          </reporter-output>
        </test-method> <!-- beforeTest -->
        <test-method is-config="true" signature="beforeClass()[pri:0, instance:tests.class1@28f3b248]" started-at="2021-10-25T14:26:01 IST" name="beforeClass" finished-at="2021-10-25T14:26:02 IST" duration-ms="799" status="PASS">
          <reporter-output>
          </reporter-output>
        </test-method> <!-- beforeClass -->
        <test-method signature="A()[pri:0, instance:tests.class1@28f3b248]" started-at="2021-10-25T14:26:02 IST" name="A" finished-at="2021-10-25T14:26:05 IST" duration-ms="3514" status="PASS">
          <reporter-output>
          </reporter-output>
        </test-method> <!-- A -->
        <test-method is-config="true" signature="afterTest()[pri:0, instance:tests.class1@28f3b248]" started-at="2021-10-25T14:26:05 IST" name="afterTest" finished-at="2021-10-25T14:26:06 IST" duration-ms="333" status="PASS">
          <reporter-output>
          </reporter-output>
        </test-method> <!-- afterTest -->
      </class> <!-- tests.class1 -->
    </test> <!-- test3 -->
    <test started-at="2021-10-25T14:25:58 IST" name="test4" finished-at="2021-10-25T14:26:06 IST" duration-ms="7982">
      <class name="tests.class2">
        <test-method is-config="true" signature="beforeSuite(java.lang.String)[pri:0, instance:tests.class2@48f278eb]" started-at="2021-10-25T14:25:57 IST" name="beforeSuite" finished-at="2021-10-25T14:25:58 IST" duration-ms="664" status="PASS">
          <params>
            <param index="0">
              <value>
                <![CDATA[chrome]]>
              </value>
            </param>
          </params>
          <reporter-output>
          </reporter-output>
        </test-method> <!-- beforeSuite -->
        <test-method is-config="true" signature="beforeTest(java.lang.String)[pri:0, instance:tests.class2@48f278eb]" started-at="2021-10-25T14:25:58 IST" name="beforeTest" finished-at="2021-10-25T14:26:01 IST" duration-ms="3188" status="PASS">
          <params>
            <param index="0">
              <value>
                <![CDATA[chrome]]>
              </value>
            </param>
          </params>
          <reporter-output>
          </reporter-output>
        </test-method> <!-- beforeTest -->
        <test-method is-config="true" signature="beforeClass()[pri:0, instance:tests.class2@48f278eb]" started-at="2021-10-25T14:26:01 IST" name="beforeClass" finished-at="2021-10-25T14:26:02 IST" duration-ms="799" status="PASS">
          <reporter-output>
          </reporter-output>
        </test-method> <!-- beforeClass -->
        <test-method signature="A()[pri:0, instance:tests.class2@48f278eb]" started-at="2021-10-25T14:26:02 IST" name="A" finished-at="2021-10-25T14:26:05 IST" duration-ms="3642" status="PASS">
          <reporter-output>
          </reporter-output>
        </test-method> <!-- A -->
        <test-method is-config="true" signature="afterTest()[pri:0, instance:tests.class2@48f278eb]" started-at="2021-10-25T14:26:05 IST" name="afterTest" finished-at="2021-10-25T14:26:06 IST" duration-ms="307" status="PASS">
          <reporter-output>
          </reporter-output>
        </test-method> <!-- afterTest -->
        <test-method is-config="true" signature="afterSuite()[pri:0, instance:tests.class2@48f278eb]" started-at="2021-10-25T14:26:06 IST" name="afterSuite" finished-at="2021-10-25T14:26:06 IST" duration-ms="341" status="PASS">
          <reporter-output>
          </reporter-output>
        </test-method> <!-- afterSuite -->
      </class> <!-- tests.class2 -->
    </test> <!-- test4 -->
  </suite> <!-- suite1 -->
</testng-results>
