<?xml version="1.0" encoding="UTF-8"?>
<testng-results ignored="0" total="2" passed="2" failed="0" skipped="0">
  <reporter-output>
  </reporter-output>
  <suite started-at="2022-01-09T13:51:05 IST" name="suite1" finished-at="2022-01-09T13:51:14 IST" duration-ms="8936">
    <groups>
    </groups>
    <test started-at="2022-01-09T13:51:05 IST" name="test3" finished-at="2022-01-09T13:51:09 IST" duration-ms="3825">
      <class name="tests.class1">
        <test-method is-config="true" signature="beforeTest(java.lang.String)[pri:0, instance:tests.class1@74455848]" started-at="2022-01-09T13:51:05 IST" name="beforeTest" finished-at="2022-01-09T13:51:07 IST" duration-ms="1749" status="PASS">
          <params>
            <param index="0">
              <value>
                <![CDATA[chrome]]>
              </value>
            </param>
          </params>
          <reporter-output>
          </reporter-output>
        </test-method> <!-- beforeTest -->
        <test-method is-config="true" signature="beforeClass()[pri:0, instance:tests.class1@74455848]" started-at="2022-01-09T13:51:07 IST" name="beforeClass" finished-at="2022-01-09T13:51:07 IST" duration-ms="500" status="PASS">
          <reporter-output>
          </reporter-output>
        </test-method> <!-- beforeClass -->
        <test-method signature="A()[pri:0, instance:tests.class1@74455848]" started-at="2022-01-09T13:51:07 IST" name="A" finished-at="2022-01-09T13:51:09 IST" duration-ms="1399" status="PASS">
          <reporter-output>
          </reporter-output>
        </test-method> <!-- A -->
        <test-method is-config="true" signature="afterTest()[pri:0, instance:tests.class1@74455848]" started-at="2022-01-09T13:51:09 IST" name="afterTest" finished-at="2022-01-09T13:51:09 IST" duration-ms="161" status="PASS">
          <reporter-output>
          </reporter-output>
        </test-method> <!-- afterTest -->
      </class> <!-- tests.class1 -->
    </test> <!-- test3 -->
    <test started-at="2022-01-09T13:51:09 IST" name="test4" finished-at="2022-01-09T13:51:14 IST" duration-ms="5079">
      <class name="tests.class2">
        <test-method is-config="true" signature="beforeSuite(java.lang.String)[pri:0, instance:tests.class2@306f16f3]" started-at="2022-01-09T13:51:04 IST" name="beforeSuite" finished-at="2022-01-09T13:51:05 IST" duration-ms="595" status="PASS">
          <params>
            <param index="0">
              <value>
                <![CDATA[chrome]]>
              </value>
            </param>
          </params>
          <reporter-output>
          </reporter-output>
        </test-method> <!-- beforeSuite -->
        <test-method is-config="true" signature="beforeTest(java.lang.String)[pri:0, instance:tests.class2@306f16f3]" started-at="2022-01-09T13:51:09 IST" name="beforeTest" finished-at="2022-01-09T13:51:10 IST" duration-ms="1473" status="PASS">
          <params>
            <param index="0">
              <value>
                <![CDATA[chrome]]>
              </value>
            </param>
          </params>
          <reporter-output>
          </reporter-output>
        </test-method> <!-- beforeTest -->
        <test-method is-config="true" signature="beforeClass()[pri:0, instance:tests.class2@306f16f3]" started-at="2022-01-09T13:51:10 IST" name="beforeClass" finished-at="2022-01-09T13:51:10 IST" duration-ms="30" status="PASS">
          <reporter-output>
          </reporter-output>
        </test-method> <!-- beforeClass -->
        <test-method signature="A()[pri:0, instance:tests.class2@306f16f3]" started-at="2022-01-09T13:51:10 IST" name="A" finished-at="2022-01-09T13:51:14 IST" duration-ms="3411" status="PASS">
          <reporter-output>
          </reporter-output>
        </test-method> <!-- A -->
        <test-method is-config="true" signature="afterTest()[pri:0, instance:tests.class2@306f16f3]" started-at="2022-01-09T13:51:14 IST" name="afterTest" finished-at="2022-01-09T13:51:14 IST" duration-ms="165" status="PASS">
          <reporter-output>
          </reporter-output>
        </test-method> <!-- afterTest -->
        <test-method is-config="true" signature="afterSuite()[pri:0, instance:tests.class2@306f16f3]" started-at="2022-01-09T13:51:14 IST" name="afterSuite" finished-at="2022-01-09T13:51:14 IST" duration-ms="430" status="PASS">
          <reporter-output>
          </reporter-output>
        </test-method> <!-- afterSuite -->
      </class> <!-- tests.class2 -->
    </test> <!-- test4 -->
  </suite> <!-- suite1 -->
</testng-results>
