<?xml version="1.0" encoding="UTF-8"?>
<testng-results ignored="0" total="2" passed="2" failed="0" skipped="0">
  <reporter-output>
  </reporter-output>
  <suite started-at="2022-05-11T19:52:53 IST" name="suite1" finished-at="2022-05-11T19:53:07 IST" duration-ms="13736">
    <groups>
    </groups>
    <test started-at="2022-05-11T19:52:53 IST" name="test3" finished-at="2022-05-11T19:53:03 IST" duration-ms="9891">
      <class name="tests.class1">
        <test-method is-config="true" signature="beforeTest(java.lang.String)[pri:0, instance:tests.class1@74455848]" started-at="2022-05-11T19:52:53 IST" name="beforeTest" finished-at="2022-05-11T19:52:56 IST" duration-ms="2701" status="PASS">
          <params>
            <param index="0">
              <value>
                <![CDATA[chrome]]>
              </value>
            </param>
          </params>
          <reporter-output>
          </reporter-output>
        </test-method> <!-- beforeTest -->
        <test-method is-config="true" signature="beforeClass()[pri:0, instance:tests.class1@74455848]" started-at="2022-05-11T19:52:56 IST" name="beforeClass" finished-at="2022-05-11T19:52:57 IST" duration-ms="658" status="PASS">
          <reporter-output>
          </reporter-output>
        </test-method> <!-- beforeClass -->
        <test-method signature="A()[pri:0, instance:tests.class1@74455848]" started-at="2022-05-11T19:52:57 IST" name="A" finished-at="2022-05-11T19:52:59 IST" duration-ms="2303" status="PASS">
          <reporter-output>
          </reporter-output>
        </test-method> <!-- A -->
        <test-method is-config="true" signature="afterTest()[pri:0, instance:tests.class1@74455848]" started-at="2022-05-11T19:52:59 IST" name="afterTest" finished-at="2022-05-11T19:53:03 IST" duration-ms="4196" status="PASS">
          <reporter-output>
          </reporter-output>
        </test-method> <!-- afterTest -->
      </class> <!-- tests.class1 -->
    </test> <!-- test3 -->
    <test started-at="2022-05-11T19:53:03 IST" name="test4" finished-at="2022-05-11T19:53:07 IST" duration-ms="3830">
      <class name="tests.class2">
        <test-method is-config="true" signature="beforeSuite(java.lang.String)[pri:0, instance:tests.class2@306f16f3]" started-at="2022-05-11T19:52:50 IST" name="beforeSuite" finished-at="2022-05-11T19:52:53 IST" duration-ms="3077" status="PASS">
          <params>
            <param index="0">
              <value>
                <![CDATA[chrome]]>
              </value>
            </param>
          </params>
          <reporter-output>
          </reporter-output>
        </test-method> <!-- beforeSuite -->
        <test-method is-config="true" signature="beforeTest(java.lang.String)[pri:0, instance:tests.class2@306f16f3]" started-at="2022-05-11T19:53:03 IST" name="beforeTest" finished-at="2022-05-11T19:53:05 IST" duration-ms="1490" status="PASS">
          <params>
            <param index="0">
              <value>
                <![CDATA[chrome]]>
              </value>
            </param>
          </params>
          <reporter-output>
          </reporter-output>
        </test-method> <!-- beforeTest -->
        <test-method is-config="true" signature="beforeClass()[pri:0, instance:tests.class2@306f16f3]" started-at="2022-05-11T19:53:05 IST" name="beforeClass" finished-at="2022-05-11T19:53:05 IST" duration-ms="36" status="PASS">
          <reporter-output>
          </reporter-output>
        </test-method> <!-- beforeClass -->
        <test-method signature="A()[pri:0, instance:tests.class2@306f16f3]" started-at="2022-05-11T19:53:05 IST" name="A" finished-at="2022-05-11T19:53:07 IST" duration-ms="2175" status="PASS">
          <reporter-output>
          </reporter-output>
        </test-method> <!-- A -->
        <test-method is-config="true" signature="afterTest()[pri:0, instance:tests.class2@306f16f3]" started-at="2022-05-11T19:53:07 IST" name="afterTest" finished-at="2022-05-11T19:53:07 IST" duration-ms="127" status="PASS">
          <reporter-output>
          </reporter-output>
        </test-method> <!-- afterTest -->
        <test-method is-config="true" signature="afterSuite()[pri:0, instance:tests.class2@306f16f3]" started-at="2022-05-11T19:53:07 IST" name="afterSuite" finished-at="2022-05-11T19:53:07 IST" duration-ms="458" status="PASS">
          <reporter-output>
          </reporter-output>
        </test-method> <!-- afterSuite -->
      </class> <!-- tests.class2 -->
    </test> <!-- test4 -->
  </suite> <!-- suite1 -->
</testng-results>
